SF:c:\Repos\NAoCHelper\Solution\Cache.cs
FN:9,System.String NAoCHelper.Cache::get_CacheLocation()
FNDA:16,System.String NAoCHelper.Cache::get_CacheLocation()
DA:10,16
FN:10,Newtonsoft.Json.JsonSerializer NAoCHelper.Cache::get_Serializer()
FNDA:3,Newtonsoft.Json.JsonSerializer NAoCHelper.Cache::get_Serializer()
DA:11,3
FN:23,System.String NAoCHelper.Cache::GetInput(System.Int32,System.Int32)
FNDA:0,System.String NAoCHelper.Cache::GetInput(System.Int32,System.Int32)
DA:24,0
DA:25,0
DA:27,0
DA:28,0
DA:29,0
DA:30,0
DA:31,0
DA:33,0
DA:34,0
DA:35,0
DA:37,0
DA:38,0
DA:39,0
DA:40,0
DA:42,0
DA:43,0
DA:44,0
DA:45,0
DA:46,0
DA:47,0
DA:48,0
DA:50,0
DA:51,0
BRDA:27,43,0,0
BRDA:27,43,1,0
BRDA:37,97,0,0
BRDA:37,97,1,0
BRDA:42,140,0,0
BRDA:45,178,0,0
BRDA:45,178,1,0
BRDA:42,140,1,0
BRDA:44,12,0,0
BRDA:44,12,1,0
FN:53,System.Boolean NAoCHelper.Cache::SaveInput(NAoCHelper.Puzzle)
FNDA:3,System.Boolean NAoCHelper.Cache::SaveInput(NAoCHelper.Puzzle)
DA:54,3
DA:55,3
DA:57,3
DA:59,3
DA:60,3
DA:62,3
DA:63,0
DA:64,0
DA:65,0
DA:67,3
DA:68,3
DA:70,3
DA:71,3
DA:72,3
DA:74,0
DA:75,0
DA:76,0
DA:77,0
DA:79,0
DA:80,0
DA:81,0
DA:83,0
DA:85,0
DA:86,0
DA:87,0
DA:88,3
DA:91,3
DA:92,3
DA:93,3
DA:94,3
DA:95,3
DA:97,3
DA:98,3
BRDA:62,41,0,0
BRDA:62,41,1,3
BRDA:67,81,0,3
BRDA:67,81,1,0
BRDA:76,146,0,0
BRDA:76,146,1,0
BRDA:75,17,0,0
BRDA:75,17,1,0
FN:12,System.Void NAoCHelper.Cache::.ctor()
FNDA:10,System.Void NAoCHelper.Cache::.ctor()
DA:13,10
DA:14,10
DA:15,10
DA:16,10
DA:17,0
DA:18,10
DA:20,10
DA:21,10
BRDA:16,37,0,0
BRDA:16,37,1,10
LF:66
LH:28
BRF:20
BRH:3
FNF:5
FNH:4
end_of_record
SF:c:\Repos\NAoCHelper\Solution\Helpers.cs
FN:10,System.String NAoCHelper.Helpers::GetCookie(System.String)
FNDA:4,System.String NAoCHelper.Helpers::GetCookie(System.String)
DA:11,4
DA:12,4
DA:13,3
DA:15,1
DA:16,1
DA:17,1
DA:18,1
DA:19,1
DA:21,1
DA:22,2
DA:23,1
BRDA:12,9,0,3
BRDA:12,9,1,1
BRDA:22,123,0,0
BRDA:22,123,1,1
BRDA:22,135,0,0
BRDA:22,135,1,1
LF:11
LH:11
BRF:6
BRH:4
FNF:1
FNH:1
end_of_record
SF:c:\Repos\NAoCHelper\Solution\Puzzle.cs
FN:9,System.Int32 NAoCHelper.Puzzle::get_Year()
FNDA:3,System.Int32 NAoCHelper.Puzzle::get_Year()
DA:10,3
FN:10,System.Int32 NAoCHelper.Puzzle::get_Day()
FNDA:3,System.Int32 NAoCHelper.Puzzle::get_Day()
DA:11,3
FN:12,System.String NAoCHelper.Puzzle::get_Input()
FNDA:0,System.String NAoCHelper.Puzzle::get_Input()
DA:13,0
FN:15,NAoCHelper.User NAoCHelper.Puzzle::get_User()
FNDA:0,NAoCHelper.User NAoCHelper.Puzzle::get_User()
DA:16,0
FN:17,System.Net.Http.HttpClient NAoCHelper.Puzzle::get_Client()
FNDA:0,System.Net.Http.HttpClient NAoCHelper.Puzzle::get_Client()
DA:18,0
FN:19,NAoCHelper.Cache NAoCHelper.Puzzle::get_Cache()
FNDA:0,NAoCHelper.Cache NAoCHelper.Puzzle::get_Cache()
DA:20,0
FN:21,System.Void NAoCHelper.Puzzle::.ctor(NAoCHelper.User,System.Int32,System.Int32)
FNDA:8,System.Void NAoCHelper.Puzzle::.ctor(NAoCHelper.User,System.Int32,System.Int32)
DA:22,8
DA:23,8
DA:24,8
DA:26,7
DA:27,2
DA:29,5
DA:31,5
DA:32,2
DA:34,3
DA:35,3
BRDA:24,33,0,1
BRDA:24,33,1,7
BRDA:26,58,0,6
BRDA:26,58,1,1
BRDA:26,81,0,2
BRDA:26,81,1,5
BRDA:31,103,0,4
BRDA:31,103,1,1
BRDA:31,115,0,2
BRDA:31,115,1,3
FN:37,System.Void NAoCHelper.Puzzle/<GetInputAsync>d__20::MoveNext()
FNDA:0,System.Void NAoCHelper.Puzzle/<GetInputAsync>d__20::MoveNext()
DA:38,0
DA:39,0
DA:40,0
DA:42,0
DA:43,0
DA:44,0
DA:45,0
DA:46,0
DA:47,0
DA:48,0
DA:49,0
DA:50,0
DA:51,0
DA:53,0
DA:54,0
BRDA:43,204,0,0
BRDA:46,361,0,0
BRDA:46,361,1,0
BRDA:43,204,1,0
LF:31
LH:12
BRF:14
BRH:10
FNF:8
FNH:3
end_of_record
SF:c:\Repos\NAoCHelper\Solution\PuzzleCache.cs
FN:6,System.Collections.Generic.List`1<NAoCHelper.Puzzle> NAoCHelper.PuzzleCache::get_Puzzles()
FNDA:0,System.Collections.Generic.List`1<NAoCHelper.Puzzle> NAoCHelper.PuzzleCache::get_Puzzles()
DA:7,0
LF:1
LH:0
BRF:0
BRH:0
FNF:1
FNH:0
end_of_record
SF:c:\Repos\NAoCHelper\Solution\User.cs
FN:6,System.String NAoCHelper.User::get_Cookie()
FNDA:0,System.String NAoCHelper.User::get_Cookie()
DA:7,0
FN:8,System.Void NAoCHelper.User::.ctor(System.String)
FNDA:10,System.Void NAoCHelper.User::.ctor(System.String)
DA:9,10
DA:10,10
DA:11,10
DA:12,3
DA:14,7
DA:15,7
BRDA:11,16,0,3
BRDA:11,16,1,7
LF:7
LH:6
BRF:2
BRH:2
FNF:2
FNH:1
end_of_record